<?xml version="1.0" encoding="UTF-8"?>
<!-- Generated by org.testng.reporters.JUnitReportReporter -->
<testsuite hostname="5400-TI12332" failures="0" tests="1" name="script.Test2" time="2.648" errors="0" timestamp="18 Aug 2021 13:45:39 GMT" skipped="0">
  <testcase classname="script.Test2" name="testB" time="2.648"/>
</testsuite> <!-- script.Test2 -->
